<?xml version="1.0" encoding="UTF-8"?>
<robot generator="Robot 3.1.2 (Python 3.8.1 on win32)" generated="20200323 17:39:27.705" rpa="false">
<suite id="s1" name="Tests" source="C:\Users\marco\Documents\robot\web\tests">
<suite id="s1-s1" name="Login Screencap" source="C:\Users\marco\Documents\robot\web\tests\login_screencap.robot">
<test id="s1-s1-t1" name="Usuário inválido">
<kw name="Nova sessão" library="base" type="setup">
<kw name="Open Browser" library="SeleniumLibrary">
<doc>Opens a new browser instance to the optional ``url``.</doc>
<arguments>
<arg>${url}</arg>
<arg>chrome</arg>
</arguments>
<msg timestamp="20200323 17:39:28.387" level="INFO">Opening browser 'chrome' to base url 'https://training-wheels-protocol.herokuapp.com'.</msg>
<status status="PASS" starttime="20200323 17:39:28.387" endtime="20200323 17:39:36.022"></status>
</kw>
<status status="PASS" starttime="20200323 17:39:28.387" endtime="20200323 17:39:36.022"></status>
</kw>
<kw name="Go To" library="SeleniumLibrary">
<doc>Navigates the current browser window to the provided ``url``.</doc>
<arguments>
<arg>${url}/login</arg>
</arguments>
<msg timestamp="20200323 17:39:36.024" level="INFO">Opening url 'https://training-wheels-protocol.herokuapp.com/login'</msg>
<status status="PASS" starttime="20200323 17:39:36.024" endtime="20200323 17:39:36.812"></status>
</kw>
<kw name="Input Text" library="SeleniumLibrary">
<doc>Types the given ``text`` into the text field identified by ``locator``.</doc>
<arguments>
<arg>css:input[name=username]</arg>
<arg>ola</arg>
</arguments>
<msg timestamp="20200323 17:39:36.815" level="INFO">Typing text 'ola' into text field 'css:input[name=username]'.</msg>
<status status="PASS" starttime="20200323 17:39:36.814" endtime="20200323 17:39:37.020"></status>
</kw>
<kw name="Input Text" library="SeleniumLibrary">
<doc>Types the given ``text`` into the text field identified by ``locator``.</doc>
<arguments>
<arg>css:input[name=password]</arg>
<arg>jarvis</arg>
</arguments>
<msg timestamp="20200323 17:39:37.021" level="INFO">Typing text 'jarvis' into text field 'css:input[name=password]'.</msg>
<status status="PASS" starttime="20200323 17:39:37.020" endtime="20200323 17:39:37.162"></status>
</kw>
<kw name="Click Element" library="SeleniumLibrary">
<doc>Click the element identified by ``locator``.</doc>
<arguments>
<arg>class:btn-login</arg>
</arguments>
<msg timestamp="20200323 17:39:37.162" level="INFO">Clicking element 'class:btn-login'.</msg>
<status status="PASS" starttime="20200323 17:39:37.162" endtime="20200323 17:39:37.899"></status>
</kw>
<kw name="Get WebElement" library="SeleniumLibrary">
<doc>Returns the first WebElement matching the given ``locator``.</doc>
<arguments>
<arg>id:flash</arg>
</arguments>
<assign>
<var>${message}</var>
</assign>
<msg timestamp="20200323 17:39:37.924" level="INFO">${message} = &lt;selenium.webdriver.remote.webelement.WebElement (session="2b188ca124b162a6310ba54868b50b98", element="6ac78b6f-45a4-4b30-a212-c5ace4e8578d")&gt;</msg>
<status status="PASS" starttime="20200323 17:39:37.899" endtime="20200323 17:39:37.924"></status>
</kw>
<kw name="Should Contain" library="BuiltIn">
<doc>Fails if ``container`` does not contain ``item`` one or more times.</doc>
<arguments>
<arg>${message.text}</arg>
<arg>O usuário informado não está cadastrado!</arg>
</arguments>
<status status="PASS" starttime="20200323 17:39:37.925" endtime="20200323 17:39:37.958"></status>
</kw>
<kw name="Encerra sessão" library="base" type="teardown">
<kw name="Capture Page Screenshot" library="SeleniumLibrary">
<doc>Takes a screenshot of the current page and embeds it into a log file.</doc>
<msg timestamp="20200323 17:39:38.380" level="INFO" html="yes">&lt;/td&gt;&lt;/tr&gt;&lt;tr&gt;&lt;td colspan="3"&gt;&lt;a href="selenium-screenshot-32.png"&gt;&lt;img src="selenium-screenshot-32.png" width="800px"&gt;&lt;/a&gt;</msg>
<status status="PASS" starttime="20200323 17:39:37.960" endtime="20200323 17:39:38.380"></status>
</kw>
<kw name="Close Browser" library="SeleniumLibrary">
<doc>Closes the current browser.</doc>
<status status="PASS" starttime="20200323 17:39:38.380" endtime="20200323 17:39:40.651"></status>
</kw>
<status status="PASS" starttime="20200323 17:39:37.959" endtime="20200323 17:39:40.652"></status>
</kw>
<tags>
<tag>login_user404</tag>
</tags>
<status status="PASS" starttime="20200323 17:39:28.386" endtime="20200323 17:39:40.654" critical="yes"></status>
</test>
<status status="PASS" starttime="20200323 17:39:27.747" endtime="20200323 17:39:40.663"></status>
</suite>
<status status="PASS" starttime="20200323 17:39:27.708" endtime="20200323 17:39:40.674"></status>
</suite>
<statistics>
<total>
<stat pass="1" fail="0">Critical Tests</stat>
<stat pass="1" fail="0">All Tests</stat>
</total>
<tag>
<stat pass="1" fail="0">login_user404</stat>
</tag>
<suite>
<stat pass="1" fail="0" id="s1" name="Tests">Tests</stat>
<stat pass="1" fail="0" id="s1-s1" name="Login Screencap">Tests.Login Screencap</stat>
</suite>
</statistics>
<errors>
</errors>
</robot>
